# JRE version: Java(TM) SE Runtime Environment (8.0_111-b14) (build 1.8.0_111-b14)
# Java VM: Java HotSpot(TM) 64-Bit Server VM (25.111-b14 mixed mode linux-amd64 compressed oops)
Heap:
 PSYoungGen      total 232960K, used 22926K [0x00000000eab00000, 0x0000000100000000, 0x0000000100000000)
  eden space 116736K, 0% used [0x00000000eab00000,0x00000000eab00000,0x00000000f1d00000)
  from space 116224K, 19% used [0x00000000f8e80000,0x00000000fa4e3920,0x0000000100000000)
  to   space 116224K, 0% used [0x00000000f1d00000,0x00000000f1d00000,0x00000000f8e80000)
 ParOldGen       total 493056K, used 492567K [0x00000000c0000000, 0x00000000de180000, 0x00000000eab00000)
  object space 493056K, 99% used [0x00000000c0000000,0x00000000de105e48,0x00000000de180000)
 Metaspace       used 6711K, capacity 7320K, committed 7680K, reserved 1056768K
  class space    used 636K, capacity 656K, committed 768K, reserved 1048576K
GC Heap History (10 events):
Event: 57,944 GC heap after
Heap after GC invocations=35 (full 7):
 PSYoungGen      total 225280K, used 90382K [0x00000000eab00000, 0x0000000100000000, 0x0000000100000000)
  eden space 126976K, 0% used [0x00000000eab00000,0x00000000eab00000,0x00000000f2700000)
  from space 98304K, 91% used [0x00000000fa000000,0x00000000ff843bc8,0x0000000100000000)
  to   space 111104K, 0% used [0x00000000f2700000,0x00000000f2700000,0x00000000f9380000)
 ParOldGen       total 493056K, used 368262K [0x00000000c0000000, 0x00000000de180000, 0x00000000eab00000)
  object space 493056K, 74% used [0x00000000c0000000,0x00000000d67a1b20,0x00000000de180000)
 Metaspace       used 6710K, capacity 7320K, committed 7680K, reserved 1056768K
  class space    used 636K, capacity 656K, committed 768K, reserved 1048576K
}
Event: 58,827 GC heap before
{Heap before GC invocations=36 (full 7):
 PSYoungGen      total 225280K, used 217358K [0x00000000eab00000, 0x0000000100000000, 0x0000000100000000)
  eden space 126976K, 100% used [0x00000000eab00000,0x00000000f2700000,0x00000000f2700000)
  from space 98304K, 91% used [0x00000000fa000000,0x00000000ff843bc8,0x0000000100000000)
  to   space 111104K, 0% used [0x00000000f2700000,0x00000000f2700000,0x00000000f9380000)
 ParOldGen       total 493056K, used 368262K [0x00000000c0000000, 0x00000000de180000, 0x00000000eab00000)
  object space 493056K, 74% used [0x00000000c0000000,0x00000000d67a1b20,0x00000000de180000)
 Metaspace       used 6710K, capacity 7320K, committed 7680K, reserved 1056768K
  class space    used 636K, capacity 656K, committed 768K, reserved 1048576K
Event: 59,050 GC heap after
Heap after GC invocations=36 (full 7):
 PSYoungGen      total 233472K, used 106171K [0x00000000eab00000, 0x0000000100000000, 0x0000000100000000)
  eden space 126976K, 0% used [0x00000000eab00000,0x00000000eab00000,0x00000000f2700000)
  from space 106496K, 99% used [0x00000000f2700000,0x00000000f8eaee70,0x00000000f8f00000)
  to   space 115712K, 0% used [0x00000000f8f00000,0x00000000f8f00000,0x0000000100000000)
 ParOldGen       total 493056K, used 368262K [0x00000000c0000000, 0x00000000de180000, 0x00000000eab00000)
  object space 493056K, 74% used [0x00000000c0000000,0x00000000d67a1b20,0x00000000de180000)
 Metaspace       used 6710K, capacity 7320K, committed 7680K, reserved 1056768K
  class space    used 636K, capacity 656K, committed 768K, reserved 1048576K
}
Event: 59,693 GC heap before
{Heap before GC invocations=37 (full 7):
 PSYoungGen      total 233472K, used 233147K [0x00000000eab00000, 0x0000000100000000, 0x0000000100000000)
  eden space 126976K, 100% used [0x00000000eab00000,0x00000000f2700000,0x00000000f2700000)
  from space 106496K, 99% used [0x00000000f2700000,0x00000000f8eaee70,0x00000000f8f00000)
  to   space 115712K, 0% used [0x00000000f8f00000,0x00000000f8f00000,0x0000000100000000)
 ParOldGen       total 493056K, used 368262K [0x00000000c0000000, 0x00000000de180000, 0x00000000eab00000)
  object space 493056K, 74% used [0x00000000c0000000,0x00000000d67a1b20,0x00000000de180000)
 Metaspace       used 6710K, capacity 7320K, committed 7680K, reserved 1056768K
  class space    used 636K, capacity 656K, committed 768K, reserved 1048576K
Event: 60,075 GC heap after
Heap after GC invocations=37 (full 7):
 PSYoungGen      total 232448K, used 114552K [0x00000000eab00000, 0x0000000100000000, 0x0000000100000000)
  eden space 116736K, 0% used [0x00000000eab00000,0x00000000eab00000,0x00000000f1d00000)
  from space 115712K, 98% used [0x00000000f8f00000,0x00000000ffede2c8,0x0000000100000000)
  to   space 116224K, 0% used [0x00000000f1d00000,0x00000000f1d00000,0x00000000f8e80000)
 ParOldGen       total 493056K, used 375209K [0x00000000c0000000, 0x00000000de180000, 0x00000000eab00000)
  object space 493056K, 76% used [0x00000000c0000000,0x00000000d6e6a480,0x00000000de180000)
 Metaspace       used 6710K, capacity 7320K, committed 7680K, reserved 1056768K
  class space    used 636K, capacity 656K, committed 768K, reserved 1048576K
}
Event: 60,721 GC heap before
{Heap before GC invocations=38 (full 7):
 PSYoungGen      total 232448K, used 231288K [0x00000000eab00000, 0x0000000100000000, 0x0000000100000000)
  eden space 116736K, 100% used [0x00000000eab00000,0x00000000f1d00000,0x00000000f1d00000)
  from space 115712K, 98% used [0x00000000f8f00000,0x00000000ffede2c8,0x0000000100000000)
  to   space 116224K, 0% used [0x00000000f1d00000,0x00000000f1d00000,0x00000000f8e80000)
 ParOldGen       total 493056K, used 375209K [0x00000000c0000000, 0x00000000de180000, 0x00000000eab00000)
  object space 493056K, 76% used [0x00000000c0000000,0x00000000d6e6a480,0x00000000de180000)
 Metaspace       used 6710K, capacity 7320K, committed 7680K, reserved 1056768K
  class space    used 636K, capacity 656K, committed 768K, reserved 1048576K
Event: 61,133 GC heap after
Heap after GC invocations=38 (full 7):
 PSYoungGen      total 232960K, used 87085K [0x00000000eab00000, 0x0000000100000000, 0x0000000100000000)
  eden space 116736K, 0% used [0x00000000eab00000,0x00000000eab00000,0x00000000f1d00000)
  from space 116224K, 74% used [0x00000000f1d00000,0x00000000f720b688,0x00000000f8e80000)
  to   space 116224K, 0% used [0x00000000f8e80000,0x00000000f8e80000,0x0000000100000000)
 ParOldGen       total 493056K, used 418014K [0x00000000c0000000, 0x00000000de180000, 0x00000000eab00000)
  object space 493056K, 84% used [0x00000000c0000000,0x00000000d9837b98,0x00000000de180000)
 Metaspace       used 6710K, capacity 7320K, committed 7680K, reserved 1056768K
  class space    used 636K, capacity 656K, committed 768K, reserved 1048576K
}
Event: 61,660 GC heap before
{Heap before GC invocations=39 (full 7):
 PSYoungGen      total 232960K, used 203821K [0x00000000eab00000, 0x0000000100000000, 0x0000000100000000)
  eden space 116736K, 100% used [0x00000000eab00000,0x00000000f1d00000,0x00000000f1d00000)
  from space 116224K, 74% used [0x00000000f1d00000,0x00000000f720b688,0x00000000f8e80000)
  to   space 116224K, 0% used [0x00000000f8e80000,0x00000000f8e80000,0x0000000100000000)
 ParOldGen       total 493056K, used 418014K [0x00000000c0000000, 0x00000000de180000, 0x00000000eab00000)
  object space 493056K, 84% used [0x00000000c0000000,0x00000000d9837b98,0x00000000de180000)
 Metaspace       used 6711K, capacity 7320K, committed 7680K, reserved 1056768K
  class space    used 636K, capacity 656K, committed 768K, reserved 1048576K
Event: 62,073 GC heap after
Heap after GC invocations=39 (full 7):
 PSYoungGen      total 232960K, used 58947K [0x00000000eab00000, 0x0000000100000000, 0x0000000100000000)
  eden space 116736K, 0% used [0x00000000eab00000,0x00000000eab00000,0x00000000f1d00000)
  from space 116224K, 50% used [0x00000000f8e80000,0x00000000fc810fb0,0x0000000100000000)
  to   space 116224K, 0% used [0x00000000f1d00000,0x00000000f1d00000,0x00000000f8e80000)
 ParOldGen       total 493056K, used 458113K [0x00000000c0000000, 0x00000000de180000, 0x00000000eab00000)
  object space 493056K, 92% used [0x00000000c0000000,0x00000000dbf60758,0x00000000de180000)
 Metaspace       used 6711K, capacity 7320K, committed 7680K, reserved 1056768K
  class space    used 636K, capacity 656K, committed 768K, reserved 1048576K
}
Event: 62,073 GC heap before
{Heap before GC invocations=40 (full 8):
 PSYoungGen      total 232960K, used 58947K [0x00000000eab00000, 0x0000000100000000, 0x0000000100000000)
  eden space 116736K, 0% used [0x00000000eab00000,0x00000000eab00000,0x00000000f1d00000)
  from space 116224K, 50% used [0x00000000f8e80000,0x00000000fc810fb0,0x0000000100000000)
  to   space 116224K, 0% used [0x00000000f1d00000,0x00000000f1d00000,0x00000000f8e80000)
 ParOldGen       total 493056K, used 458113K [0x00000000c0000000, 0x00000000de180000, 0x00000000eab00000)
  object space 493056K, 92% used [0x00000000c0000000,0x00000000dbf60758,0x00000000de180000)
 Metaspace       used 6711K, capacity 7320K, committed 7680K, reserved 1056768K
  class space    used 636K, capacity 656K, committed 768K, reserved 1048576K

