# JRE version: Java(TM) SE Runtime Environment (8.0_111-b14) (build 1.8.0_111-b14)
# Java VM: Java HotSpot(TM) 64-Bit Server VM (25.111-b14 mixed mode linux-amd64 compressed oops)
Heap:
 PSYoungGen      total 232960K, used 30098K [0x00000000eab00000, 0x0000000100000000, 0x0000000100000000)
  eden space 116736K, 0% used [0x00000000eab00000,0x00000000eab00000,0x00000000f1d00000)
  from space 116224K, 25% used [0x00000000f1d00000,0x00000000f3a64950,0x00000000f8e80000)
  to   space 116224K, 0% used [0x00000000f8e80000,0x00000000f8e80000,0x0000000100000000)
 ParOldGen       total 549376K, used 549004K [0x00000000c0000000, 0x00000000e1880000, 0x00000000eab00000)
  object space 549376K, 99% used [0x00000000c0000000,0x00000000e18232d0,0x00000000e1880000)
 Metaspace       used 6718K, capacity 7320K, committed 7680K, reserved 1056768K
  class space    used 637K, capacity 656K, committed 768K, reserved 1048576K
GC Heap History (10 events):
Event: 91,971 GC heap after
Heap after GC invocations=44 (full 7):
 PSYoungGen      total 232960K, used 62002K [0x00000000eab00000, 0x0000000100000000, 0x0000000100000000)
  eden space 116736K, 0% used [0x00000000eab00000,0x00000000eab00000,0x00000000f1d00000)
  from space 116224K, 53% used [0x00000000f1d00000,0x00000000f598ca50,0x00000000f8e80000)
  to   space 115200K, 0% used [0x00000000f8f80000,0x00000000f8f80000,0x0000000100000000)
 ParOldGen       total 549376K, used 451630K [0x00000000c0000000, 0x00000000e1880000, 0x00000000eab00000)
  object space 549376K, 82% used [0x00000000c0000000,0x00000000db90ba48,0x00000000e1880000)
 Metaspace       used 6716K, capacity 7320K, committed 7680K, reserved 1056768K
  class space    used 637K, capacity 656K, committed 768K, reserved 1048576K
}
Event: 93,055 GC heap before
{Heap before GC invocations=45 (full 7):
 PSYoungGen      total 232960K, used 178738K [0x00000000eab00000, 0x0000000100000000, 0x0000000100000000)
  eden space 116736K, 100% used [0x00000000eab00000,0x00000000f1d00000,0x00000000f1d00000)
  from space 116224K, 53% used [0x00000000f1d00000,0x00000000f598ca50,0x00000000f8e80000)
  to   space 115200K, 0% used [0x00000000f8f80000,0x00000000f8f80000,0x0000000100000000)
 ParOldGen       total 549376K, used 451630K [0x00000000c0000000, 0x00000000e1880000, 0x00000000eab00000)
  object space 549376K, 82% used [0x00000000c0000000,0x00000000db90ba48,0x00000000e1880000)
 Metaspace       used 6716K, capacity 7320K, committed 7680K, reserved 1056768K
  class space    used 637K, capacity 656K, committed 768K, reserved 1048576K
Event: 93,221 GC heap after
Heap after GC invocations=45 (full 7):
 PSYoungGen      total 231936K, used 76046K [0x00000000eab00000, 0x0000000100000000, 0x0000000100000000)
  eden space 116736K, 0% used [0x00000000eab00000,0x00000000eab00000,0x00000000f1d00000)
  from space 115200K, 66% used [0x00000000f8f80000,0x00000000fd9c3918,0x0000000100000000)
  to   space 116224K, 0% used [0x00000000f1d00000,0x00000000f1d00000,0x00000000f8e80000)
 ParOldGen       total 549376K, used 451630K [0x00000000c0000000, 0x00000000e1880000, 0x00000000eab00000)
  object space 549376K, 82% used [0x00000000c0000000,0x00000000db90ba48,0x00000000e1880000)
 Metaspace       used 6716K, capacity 7320K, committed 7680K, reserved 1056768K
  class space    used 637K, capacity 656K, committed 768K, reserved 1048576K
}
Event: 94,842 GC heap before
{Heap before GC invocations=46 (full 7):
 PSYoungGen      total 231936K, used 192782K [0x00000000eab00000, 0x0000000100000000, 0x0000000100000000)
  eden space 116736K, 100% used [0x00000000eab00000,0x00000000f1d00000,0x00000000f1d00000)
  from space 115200K, 66% used [0x00000000f8f80000,0x00000000fd9c3918,0x0000000100000000)
  to   space 116224K, 0% used [0x00000000f1d00000,0x00000000f1d00000,0x00000000f8e80000)
 ParOldGen       total 549376K, used 451630K [0x00000000c0000000, 0x00000000e1880000, 0x00000000eab00000)
  object space 549376K, 82% used [0x00000000c0000000,0x00000000db90ba48,0x00000000e1880000)
 Metaspace       used 6717K, capacity 7320K, committed 7680K, reserved 1056768K
  class space    used 637K, capacity 656K, committed 768K, reserved 1048576K
Event: 95,129 GC heap after
Heap after GC invocations=46 (full 7):
 PSYoungGen      total 232960K, used 65804K [0x00000000eab00000, 0x0000000100000000, 0x0000000100000000)
  eden space 116736K, 0% used [0x00000000eab00000,0x00000000eab00000,0x00000000f1d00000)
  from space 116224K, 56% used [0x00000000f1d00000,0x00000000f5d433e0,0x00000000f8e80000)
  to   space 116224K, 0% used [0x00000000f8e80000,0x00000000f8e80000,0x0000000100000000)
 ParOldGen       total 549376K, used 480702K [0x00000000c0000000, 0x00000000e1880000, 0x00000000eab00000)
  object space 549376K, 87% used [0x00000000c0000000,0x00000000dd56faf0,0x00000000e1880000)
 Metaspace       used 6717K, capacity 7320K, committed 7680K, reserved 1056768K
  class space    used 637K, capacity 656K, committed 768K, reserved 1048576K
}
Event: 95,595 GC heap before
{Heap before GC invocations=47 (full 7):
 PSYoungGen      total 232960K, used 182540K [0x00000000eab00000, 0x0000000100000000, 0x0000000100000000)
  eden space 116736K, 100% used [0x00000000eab00000,0x00000000f1d00000,0x00000000f1d00000)
  from space 116224K, 56% used [0x00000000f1d00000,0x00000000f5d433e0,0x00000000f8e80000)
  to   space 116224K, 0% used [0x00000000f8e80000,0x00000000f8e80000,0x0000000100000000)
 ParOldGen       total 549376K, used 480702K [0x00000000c0000000, 0x00000000e1880000, 0x00000000eab00000)
  object space 549376K, 87% used [0x00000000c0000000,0x00000000dd56faf0,0x00000000e1880000)
 Metaspace       used 6718K, capacity 7320K, committed 7680K, reserved 1056768K
  class space    used 637K, capacity 656K, committed 768K, reserved 1048576K
Event: 95,771 GC heap after
Heap after GC invocations=47 (full 7):
 PSYoungGen      total 232960K, used 82374K [0x00000000eab00000, 0x0000000100000000, 0x0000000100000000)
  eden space 116736K, 0% used [0x00000000eab00000,0x00000000eab00000,0x00000000f1d00000)
  from space 116224K, 70% used [0x00000000f8e80000,0x00000000fdef1890,0x0000000100000000)
  to   space 116224K, 0% used [0x00000000f1d00000,0x00000000f1d00000,0x00000000f8e80000)
 ParOldGen       total 549376K, used 480702K [0x00000000c0000000, 0x00000000e1880000, 0x00000000eab00000)
  object space 549376K, 87% used [0x00000000c0000000,0x00000000dd56faf0,0x00000000e1880000)
 Metaspace       used 6718K, capacity 7320K, committed 7680K, reserved 1056768K
  class space    used 637K, capacity 656K, committed 768K, reserved 1048576K
}
Event: 96,200 GC heap before
{Heap before GC invocations=48 (full 7):
 PSYoungGen      total 232960K, used 199110K [0x00000000eab00000, 0x0000000100000000, 0x0000000100000000)
  eden space 116736K, 100% used [0x00000000eab00000,0x00000000f1d00000,0x00000000f1d00000)
  from space 116224K, 70% used [0x00000000f8e80000,0x00000000fdef1890,0x0000000100000000)
  to   space 116224K, 0% used [0x00000000f1d00000,0x00000000f1d00000,0x00000000f8e80000)
 ParOldGen       total 549376K, used 480702K [0x00000000c0000000, 0x00000000e1880000, 0x00000000eab00000)
  object space 549376K, 87% used [0x00000000c0000000,0x00000000dd56faf0,0x00000000e1880000)
 Metaspace       used 6718K, capacity 7320K, committed 7680K, reserved 1056768K
  class space    used 637K, capacity 656K, committed 768K, reserved 1048576K
Event: 98,839 GC heap after
Heap after GC invocations=48 (full 7):
 PSYoungGen      total 232960K, used 71298K [0x00000000eab00000, 0x0000000100000000, 0x0000000100000000)
  eden space 116736K, 0% used [0x00000000eab00000,0x00000000eab00000,0x00000000f1d00000)
  from space 116224K, 61% used [0x00000000f1d00000,0x00000000f62a08b0,0x00000000f8e80000)
  to   space 116224K, 0% used [0x00000000f8e80000,0x00000000f8e80000,0x0000000100000000)
 ParOldGen       total 549376K, used 512697K [0x00000000c0000000, 0x00000000e1880000, 0x00000000eab00000)
  object space 549376K, 93% used [0x00000000c0000000,0x00000000df4ae518,0x00000000e1880000)
 Metaspace       used 6718K, capacity 7320K, committed 7680K, reserved 1056768K
  class space    used 637K, capacity 656K, committed 768K, reserved 1048576K
}
Event: 98,839 GC heap before
{Heap before GC invocations=49 (full 8):
 PSYoungGen      total 232960K, used 71298K [0x00000000eab00000, 0x0000000100000000, 0x0000000100000000)
  eden space 116736K, 0% used [0x00000000eab00000,0x00000000eab00000,0x00000000f1d00000)
  from space 116224K, 61% used [0x00000000f1d00000,0x00000000f62a08b0,0x00000000f8e80000)
  to   space 116224K, 0% used [0x00000000f8e80000,0x00000000f8e80000,0x0000000100000000)
 ParOldGen       total 549376K, used 512697K [0x00000000c0000000, 0x00000000e1880000, 0x00000000eab00000)
  object space 549376K, 93% used [0x00000000c0000000,0x00000000df4ae518,0x00000000e1880000)
 Metaspace       used 6718K, capacity 7320K, committed 7680K, reserved 1056768K
  class space    used 637K, capacity 656K, committed 768K, reserved 1048576K

